<?xml version="1.0" encoding="UTF-8"?>
<!-- Generated by org.testng.reporters.JUnitXMLReporter -->
<testsuite ignored="1" hostname="DESKTOP-S6MV8ON" failures="0" tests="3" name="Default test" time="14.905" errors="0" timestamp="2025-07-20T21:52:47 BDT">
  <testcase classname="api.tests.userTest" name="createUser" time="6.959"/>
  <testcase classname="api.tests.userTest" name="getUser" time="1.714"/>
  <testcase classname="api.tests.userTest" name="UpdateUser" time="5.636"/>
  <testcase classname="api.tests.userTest" name="deleteUser" time="0.0">
    <ignored/>
  </testcase> <!-- deleteUser -->
</testsuite> <!-- Default test -->
