<?xml version="1.0" encoding="UTF-8"?>
<!-- Generated by org.testng.reporters.JUnitXMLReporter -->
<testsuite ignored="1" hostname="DESKTOP-S6MV8ON" failures="0" tests="3" name="Test" time="12.375" errors="0" timestamp="2025-07-20T21:54:33 BDT">
  <testcase classname="api.tests.userTest" name="createUser" time="5.864"/>
  <testcase classname="api.tests.userTest" name="getUser" time="1.635"/>
  <testcase classname="api.tests.userTest" name="UpdateUser" time="3.433"/>
  <testcase classname="api.tests.userTest" name="deleteUser" time="0.0">
    <ignored/>
  </testcase> <!-- deleteUser -->
</testsuite> <!-- Test -->
