<?xml version="1.0" encoding="UTF-8"?>
<!-- Generated by org.testng.reporters.JUnitXMLReporter -->
<testsuite ignored="1" hostname="DESKTOP-S6MV8ON" failures="1" tests="3" name="Test" time="11.064" errors="0" timestamp="2025-07-20T21:56:45 BDT">
  <testcase classname="api.tests.userTest" name="createUser" time="5.408"/>
  <testcase classname="api.tests.userTest" name="getUser" time="1.579">
    <failure type="java.lang.AssertionError" message="expected [200] but found [404]">
      <![CDATA[java.lang.AssertionError: expected [200] but found [404]
at api.tests.userTest.getUser(userTest.java:48)
at java.base/java.util.ArrayList.forEach(ArrayList.java:1596)
... Removed 36 stack frames]]>
    </failure>
  </testcase> <!-- getUser -->
  <testcase classname="api.tests.userTest" name="UpdateUser" time="3.15"/>
  <testcase classname="api.tests.userTest" name="deleteUser" time="0.0">
    <ignored/>
  </testcase> <!-- deleteUser -->
</testsuite> <!-- Test -->
